0 info it worked if it ends with ok
1 verbose cli [ 'node', '/usr/local/bin/npm', 'install', 'jade', '--global' ]
2 info using npm@1.3.11
3 info using node@v0.10.21
4 verbose cache add [ 'jade', null ]
5 verbose cache add name=undefined spec="jade" args=["jade",null]
6 verbose parsed url { protocol: null,
6 verbose parsed url   slashes: null,
6 verbose parsed url   auth: null,
6 verbose parsed url   host: null,
6 verbose parsed url   port: null,
6 verbose parsed url   hostname: null,
6 verbose parsed url   hash: null,
6 verbose parsed url   search: null,
6 verbose parsed url   query: null,
6 verbose parsed url   pathname: 'jade',
6 verbose parsed url   path: 'jade',
6 verbose parsed url   href: 'jade' }
7 silly lockFile 5bd60fae-jade jade
8 verbose lock jade /Users/carlwetzenstein/.npm/5bd60fae-jade.lock
9 silly lockFile 5bd60fae-jade jade
10 verbose addNamed [ 'jade', '' ]
11 verbose addNamed [ null, '*' ]
12 silly lockFile 51d481b2-jade jade@
13 verbose lock jade@ /Users/carlwetzenstein/.npm/51d481b2-jade.lock
14 silly lockFile 51d481b2-jade jade@
15 error Error: EACCES, open '/Users/carlwetzenstein/.npm/51d481b2-jade.lock'
15 error  { [Error: EACCES, open '/Users/carlwetzenstein/.npm/51d481b2-jade.lock']
15 error   errno: 3,
15 error   code: 'EACCES',
15 error   path: '/Users/carlwetzenstein/.npm/51d481b2-jade.lock' }
16 error Please try running this command again as root/Administrator.
17 error System Darwin 13.0.0
18 error command "node" "/usr/local/bin/npm" "install" "jade" "--global"
19 error cwd /Users/carlwetzenstein/Sites/sosinski
20 error node -v v0.10.21
21 error npm -v 1.3.11
22 error path /Users/carlwetzenstein/.npm/51d481b2-jade.lock
23 error code EACCES
24 error errno 3
25 error stack Error: EACCES, open '/Users/carlwetzenstein/.npm/51d481b2-jade.lock'
26 verbose exit [ 3, true ]
